<?xml version="1.0" encoding="UTF-8"?>
<!-- Generated by org.testng.reporters.JUnitReportReporter -->
<testsuite hostname="LAPTOP-DENRBFPO" failures="0" tests="1" name="com.New_Framework.testscript.CampaignModule" time="5.388" errors="0" timestamp="2024-05-10T16:15:26 IST" skipped="0">
  <testcase classname="com.New_Framework.testscript.CampaignModule" name="CreateCampaign" time="5.388"/>
  <system-out>
    <![CDATA[CreateCampaign]]>
  </system-out>
</testsuite> <!-- com.New_Framework.testscript.CampaignModule -->
